android/app/build/intermediates/manifest_merge_blame_file/debug/manifest-merger-blame-debug-report.txt
1<?xml version="1.0" encoding="utf-8"?>
2<manifest xmlns:android="http://schemas.android.com/apk/res/android"
3    package="com.fieldloggingenv"
4    android:versionCode="1"
5    android:versionName="1.0.0" >
6
7    <uses-sdk
8        android:minSdkVersion="21"
9        android:targetSdkVersion="30" />
10
11    <uses-permission android:name="android.permission.SYSTEM_ALERT_WINDOW" />
11-->src/debug/AndroidManifest.xml:5:5-77
11-->src/debug/AndroidManifest.xml:5:22-75
12    <uses-permission android:name="android.permission.INTERNET" /> <!-- 🚨 Keep only the permissions used in your app 🚨 -->
12-->src/main/AndroidManifest.xml:4:5-67
12-->src/main/AndroidManifest.xml:4:22-64
13    <uses-permission android:name="android.permission.ACCEPT_HANDOVER" />
13-->src/main/AndroidManifest.xml:8:5-74
13-->src/main/AndroidManifest.xml:8:22-71
14    <uses-permission android:name="android.permission.ACCESS_BACKGROUND_LOCATION" />
14-->src/main/AndroidManifest.xml:9:5-85
14-->src/main/AndroidManifest.xml:9:22-82
15    <uses-permission android:name="android.permission.ACCESS_COARSE_LOCATION" />
15-->src/main/AndroidManifest.xml:10:5-81
15-->src/main/AndroidManifest.xml:10:22-78
16    <uses-permission android:name="android.permission.ACCESS_FINE_LOCATION" />
16-->src/main/AndroidManifest.xml:11:5-79
16-->src/main/AndroidManifest.xml:11:22-76
17    <uses-permission android:name="android.permission.ACTIVITY_RECOGNITION" />
17-->src/main/AndroidManifest.xml:12:5-79
17-->src/main/AndroidManifest.xml:12:22-76
18    <uses-permission android:name="android.permission.ANSWER_PHONE_CALLS" />
18-->src/main/AndroidManifest.xml:13:5-77
18-->src/main/AndroidManifest.xml:13:22-74
19    <uses-permission android:name="android.permission.BODY_SENSORS" />
19-->src/main/AndroidManifest.xml:14:5-71
19-->src/main/AndroidManifest.xml:14:22-68
20    <uses-permission android:name="android.permission.CALL_PHONE" />
20-->src/main/AndroidManifest.xml:15:5-69
20-->src/main/AndroidManifest.xml:15:22-66
21    <uses-permission android:name="android.permission.CAMERA" />
21-->src/main/AndroidManifest.xml:16:5-65
21-->src/main/AndroidManifest.xml:16:22-62
22    <uses-permission android:name="android.permission.GET_ACCOUNTS" />
22-->src/main/AndroidManifest.xml:17:5-71
22-->src/main/AndroidManifest.xml:17:22-68
23    <uses-permission android:name="android.permission.PROCESS_OUTGOING_CALLS" />
23-->src/main/AndroidManifest.xml:18:5-81
23-->src/main/AndroidManifest.xml:18:22-78
24    <uses-permission android:name="android.permission.READ_CALENDAR" />
24-->src/main/AndroidManifest.xml:19:5-72
24-->src/main/AndroidManifest.xml:19:22-69
25    <uses-permission android:name="android.permission.READ_CALL_LOG" />
25-->src/main/AndroidManifest.xml:20:5-72
25-->src/main/AndroidManifest.xml:20:22-69
26    <uses-permission android:name="android.permission.READ_CONTACTS" />
26-->src/main/AndroidManifest.xml:21:5-72
26-->src/main/AndroidManifest.xml:21:22-69
27    <uses-permission android:name="android.permission.READ_EXTERNAL_STORAGE" />
27-->src/main/AndroidManifest.xml:22:5-80
27-->src/main/AndroidManifest.xml:22:22-77
28    <uses-permission android:name="android.permission.READ_PHONE_NUMBERS" />
28-->src/main/AndroidManifest.xml:23:5-77
28-->src/main/AndroidManifest.xml:23:22-74
29    <uses-permission android:name="android.permission.READ_PHONE_STATE" />
29-->src/main/AndroidManifest.xml:24:5-75
29-->src/main/AndroidManifest.xml:24:22-72
30    <uses-permission android:name="android.permission.READ_SMS" />
30-->src/main/AndroidManifest.xml:25:5-67
30-->src/main/AndroidManifest.xml:25:22-64
31    <uses-permission android:name="android.permission.RECEIVE_MMS" />
31-->src/main/AndroidManifest.xml:26:5-70
31-->src/main/AndroidManifest.xml:26:22-67
32    <uses-permission android:name="android.permission.RECEIVE_SMS" />
32-->src/main/AndroidManifest.xml:27:5-70
32-->src/main/AndroidManifest.xml:27:22-67
33    <uses-permission android:name="android.permission.RECEIVE_WAP_PUSH" />
33-->src/main/AndroidManifest.xml:28:5-75
33-->src/main/AndroidManifest.xml:28:22-72
34    <uses-permission android:name="android.permission.RECORD_AUDIO" />
34-->src/main/AndroidManifest.xml:29:5-71
34-->src/main/AndroidManifest.xml:29:22-68
35    <uses-permission android:name="android.permission.SEND_SMS" />
35-->src/main/AndroidManifest.xml:30:5-67
35-->src/main/AndroidManifest.xml:30:22-64
36    <uses-permission android:name="android.permission.USE_SIP" />
36-->src/main/AndroidManifest.xml:31:5-66
36-->src/main/AndroidManifest.xml:31:22-63
37    <uses-permission android:name="android.permission.WRITE_CALENDAR" />
37-->src/main/AndroidManifest.xml:32:5-73
37-->src/main/AndroidManifest.xml:32:22-70
38    <uses-permission android:name="android.permission.WRITE_CALL_LOG" />
38-->src/main/AndroidManifest.xml:33:5-73
38-->src/main/AndroidManifest.xml:33:22-70
39    <uses-permission android:name="android.permission.WRITE_CONTACTS" />
39-->src/main/AndroidManifest.xml:34:5-73
39-->src/main/AndroidManifest.xml:34:22-70
40    <uses-permission android:name="android.permission.WRITE_EXTERNAL_STORAGE" />
40-->src/main/AndroidManifest.xml:35:5-81
40-->src/main/AndroidManifest.xml:35:22-78
41    <uses-permission android:name="com.android.voicemail.permission.ADD_VOICEMAIL" />
41-->src/main/AndroidManifest.xml:36:5-86
41-->src/main/AndroidManifest.xml:36:22-83
42    <uses-permission android:name="android.permission.ACCESS_WIFI_STATE" />
42-->[com.facebook.flipper:flipper:0.93.0] AndroidManifest.xml:16:5-76
42-->[com.facebook.flipper:flipper:0.93.0] AndroidManifest.xml:16:22-73
43    <uses-permission android:name="android.permission.ACCESS_NETWORK_STATE" />
43-->[:react-native-community_netinfo] AndroidManifest.xml:9:5-79
43-->[:react-native-community_netinfo] AndroidManifest.xml:9:22-76
44    <uses-permission android:name="android.permission.WAKE_LOCK" /> <!-- Required to access Google Play Licensing -->
44-->[:react-native-background-timer] AndroidManifest.xml:9:5-68
44-->[:react-native-background-timer] AndroidManifest.xml:9:22-65
45    <uses-permission android:name="com.android.vending.CHECK_LICENSE" /> <!-- Required to to download files without a notification -->
45-->[:react-native-blob-util] AndroidManifest.xml:10:5-73
45-->[:react-native-blob-util] AndroidManifest.xml:10:22-70
46    <uses-permission android:name="android.permission.DOWNLOAD_WITHOUT_NOTIFICATION" /> <!-- Required by older versions of Google Play services to create IID tokens -->
46-->[:react-native-blob-util] AndroidManifest.xml:37:5-88
46-->[:react-native-blob-util] AndroidManifest.xml:37:22-85
47    <uses-permission android:name="com.google.android.c2dm.permission.RECEIVE" />
47-->[com.google.android.gms:play-services-iid:17.0.0] AndroidManifest.xml:23:5-82
47-->[com.google.android.gms:play-services-iid:17.0.0] AndroidManifest.xml:23:22-79
48    <uses-permission android:name="com.google.android.finsky.permission.BIND_GET_INSTALL_REFERRER_SERVICE" />
48-->[com.android.installreferrer:installreferrer:1.1.2] AndroidManifest.xml:9:5-110
48-->[com.android.installreferrer:installreferrer:1.1.2] AndroidManifest.xml:9:22-107
49
50    <application
50-->src/main/AndroidManifest.xml:40:5-59:19
51        android:name="com.fieldloggingenv.MainApplication"
51-->src/main/AndroidManifest.xml:42:7-38
52        android:allowBackup="false"
52-->src/main/AndroidManifest.xml:46:7-34
53        android:appComponentFactory="androidx.core.app.CoreComponentFactory"
53-->[androidx.core:core:1.6.0] AndroidManifest.xml:24:18-86
54        android:debuggable="true"
55        android:icon="@mipmap/ic_launcher"
55-->src/main/AndroidManifest.xml:44:7-41
56        android:label="@string/app_name"
56-->src/main/AndroidManifest.xml:43:7-39
57        android:requestLegacyExternalStorage="true"
57-->src/main/AndroidManifest.xml:41:7-50
58        android:roundIcon="@mipmap/ic_launcher_round"
58-->src/main/AndroidManifest.xml:45:7-52
59        android:theme="@style/AppTheme"
59-->src/main/AndroidManifest.xml:47:7-38
60        android:usesCleartextTraffic="true" >
60-->src/debug/AndroidManifest.xml:8:9-44
61        <activity android:name="com.facebook.react.devsupport.DevSettingsActivity" />
61-->src/debug/AndroidManifest.xml:11:9-86
61-->src/debug/AndroidManifest.xml:11:19-83
62        <activity
62-->src/main/AndroidManifest.xml:48:7-58:18
63            android:name="com.fieldloggingenv.MainActivity"
63-->src/main/AndroidManifest.xml:49:9-37
64            android:configChanges="keyboard|keyboardHidden|orientation|screenSize|uiMode"
64-->src/main/AndroidManifest.xml:51:9-86
65            android:label="@string/app_name"
65-->src/main/AndroidManifest.xml:50:9-41
66            android:launchMode="singleTask"
66-->src/main/AndroidManifest.xml:52:9-40
67            android:windowSoftInputMode="adjustResize" >
67-->src/main/AndroidManifest.xml:53:9-51
68            <intent-filter>
68-->src/main/AndroidManifest.xml:54:9-57:25
69                <action android:name="android.intent.action.MAIN" />
69-->src/main/AndroidManifest.xml:55:13-65
69-->src/main/AndroidManifest.xml:55:21-62
70
71                <category android:name="android.intent.category.LAUNCHER" />
71-->src/main/AndroidManifest.xml:56:13-73
71-->src/main/AndroidManifest.xml:56:23-70
72            </intent-filter>
73        </activity>
74
75        <provider
75-->[:react-native-blob-util] AndroidManifest.xml:40:9-48:20
76            android:name="com.ReactNativeBlobUtil.Utils.FileProvider"
76-->[:react-native-blob-util] AndroidManifest.xml:41:13-70
77            android:authorities="com.fieldloggingenv.provider"
77-->[:react-native-blob-util] AndroidManifest.xml:42:13-60
78            android:exported="false"
78-->[:react-native-blob-util] AndroidManifest.xml:43:13-37
79            android:grantUriPermissions="true" >
79-->[:react-native-blob-util] AndroidManifest.xml:44:13-47
80            <meta-data
80-->[:react-native-blob-util] AndroidManifest.xml:45:13-47:58
81                android:name="android.support.FILE_PROVIDER_PATHS"
81-->[:react-native-blob-util] AndroidManifest.xml:46:17-67
82                android:resource="@xml/provider_paths" />
82-->[:react-native-blob-util] AndroidManifest.xml:47:17-55
83        </provider>
84        <provider
84-->[:react-native-image-picker] AndroidManifest.xml:10:9-18:20
85            android:name="com.imagepicker.ImagePickerProvider"
85-->[:react-native-image-picker] AndroidManifest.xml:11:13-63
86            android:authorities="com.fieldloggingenv.imagepickerprovider"
86-->[:react-native-image-picker] AndroidManifest.xml:12:13-71
87            android:exported="false"
87-->[:react-native-image-picker] AndroidManifest.xml:13:13-37
88            android:grantUriPermissions="true" >
88-->[:react-native-image-picker] AndroidManifest.xml:14:13-47
89            <meta-data
89-->[:react-native-blob-util] AndroidManifest.xml:45:13-47:58
90                android:name="android.support.FILE_PROVIDER_PATHS"
90-->[:react-native-blob-util] AndroidManifest.xml:46:17-67
91                android:resource="@xml/imagepicker_provider_paths" />
91-->[:react-native-blob-util] AndroidManifest.xml:47:17-55
92        </provider>
93
94        <activity
94-->[com.google.android.gms:play-services-base:17.0.0] AndroidManifest.xml:23:9-26:75
95            android:name="com.google.android.gms.common.api.GoogleApiActivity"
95-->[com.google.android.gms:play-services-base:17.0.0] AndroidManifest.xml:24:13-79
96            android:exported="false"
96-->[com.google.android.gms:play-services-base:17.0.0] AndroidManifest.xml:25:13-37
97            android:theme="@android:style/Theme.Translucent.NoTitleBar" />
97-->[com.google.android.gms:play-services-base:17.0.0] AndroidManifest.xml:26:13-72
98
99        <meta-data
99-->[com.google.android.gms:play-services-basement:17.0.0] AndroidManifest.xml:23:9-25:69
100            android:name="com.google.android.gms.version"
100-->[com.google.android.gms:play-services-basement:17.0.0] AndroidManifest.xml:24:13-58
101            android:value="@integer/google_play_services_version" />
101-->[com.google.android.gms:play-services-basement:17.0.0] AndroidManifest.xml:25:13-66
102    </application>
103
104</manifest>